<?xml version="1.0" encoding="UTF-8"?>
<!-- Generated by org.testng.reporters.JUnitReportReporter -->
<testsuite hostname="DESKTOP-ELVO4OA" failures="0" tests="1" name="testCase.TC01" time="27.819" errors="0" timestamp="2023-09-05T18:26:31 IST" skipped="0">
  <testcase classname="testCase.TC01" name="verifySearchBar" time="27.819"/>
</testsuite> <!-- testCase.TC01 -->
